<?xml version="1.0" encoding="UTF-8"?>
<!-- Generated by org.testng.reporters.JUnitReportReporter -->
<testsuite skipped="0" hostname="LAPTOP-R2A7MSSV" name="com.qa.testcases.HomePageTest" tests="5" failures="0" timestamp="03 Dec 2019 11:27:26 GMT" time="120.673" errors="0">
  <testcase name="HomePageTitleTest" time="23.845" classname="com.qa.testcases.HomePageTest"/>
  <testcase name="UsernameTest" time="26.486" classname="com.qa.testcases.HomePageTest"/>
  <testcase name="VerifyContactsLinkTest" time="23.893" classname="com.qa.testcases.HomePageTest"/>
  <testcase name="VerifyDealsPageTest" time="22.282" classname="com.qa.testcases.HomePageTest"/>
  <testcase name="VerifyTasksPageTest" time="24.167" classname="com.qa.testcases.HomePageTest"/>
</testsuite> <!-- com.qa.testcases.HomePageTest -->
